TN:
SF:src\buildTree.js
FN:3,(anonymous_0)
FN:8,(anonymous_1)
FNF:2
FNH:2
FNDA:25,(anonymous_0)
FNDA:90,(anonymous_1)
DA:3,1
DA:4,25
DA:5,25
DA:6,25
DA:8,25
DA:9,90
DA:10,25
DA:12,65
DA:13,10
DA:15,55
DA:16,20
DA:18,35
DA:19,20
DA:23,15
LF:14
LH:14
BRDA:9,0,0,25
BRDA:9,0,1,65
BRDA:12,1,0,10
BRDA:12,1,1,55
BRDA:15,2,0,20
BRDA:15,2,1,35
BRDA:15,3,0,55
BRDA:15,3,1,25
BRDA:18,4,0,20
BRDA:18,4,1,15
BRF:10
BRH:10
end_of_record
TN:
SF:src\parsers.js
FN:3,(anonymous_0)
FNF:1
FNH:1
FNDA:10,(anonymous_0)
DA:3,1
DA:4,10
DA:5,6
DA:7,4
DA:8,4
DA:11,0
LF:6
LH:5
BRDA:4,0,0,6
BRDA:4,0,1,4
BRDA:7,1,0,4
BRDA:7,1,1,0
BRDA:7,2,0,4
BRDA:7,2,1,2
BRF:6
BRH:5
end_of_record
TN:
SF:src\formatters\index.js
FN:5,(anonymous_0)
FNF:1
FNH:1
FNDA:5,(anonymous_0)
DA:5,1
DA:6,5
DA:8,2
DA:10,2
DA:12,1
DA:14,0
LF:6
LH:5
BRDA:6,0,0,2
BRDA:6,0,1,2
BRDA:6,0,2,1
BRDA:6,0,3,0
BRF:4
BRH:3
end_of_record
TN:
SF:src\formatters\json.js
FN:1,(anonymous_0)
FNF:1
FNH:1
FNDA:1,(anonymous_0)
DA:1,1
LF:1
LH:1
BRF:0
BRH:0
end_of_record
TN:
SF:src\formatters\plain.js
FN:3,(anonymous_0)
FN:13,(anonymous_1)
FN:14,(anonymous_2)
FN:15,(anonymous_3)
FNF:4
FNH:4
FNDA:26,(anonymous_0)
FNDA:2,(anonymous_1)
FNDA:10,(anonymous_2)
FNDA:36,(anonymous_3)
DA:3,1
DA:4,26
DA:5,6
DA:7,20
DA:8,14
DA:10,6
DA:13,1
DA:14,2
DA:15,10
DA:16,36
DA:18,36
DA:20,8
DA:22,10
DA:24,4
DA:26,8
DA:28,6
DA:30,0
DA:34,10
DA:37,2
LF:19
LH:18
BRDA:4,0,0,6
BRDA:4,0,1,20
BRDA:4,1,0,26
BRDA:4,1,1,6
BRDA:7,2,0,14
BRDA:7,2,1,6
BRDA:18,3,0,8
BRDA:18,3,1,10
BRDA:18,3,2,4
BRDA:18,3,3,8
BRDA:18,3,4,6
BRDA:18,3,5,0
BRF:12
BRH:11
end_of_record
TN:
SF:src\formatters\stylish.js
FN:3,(anonymous_0)
FN:11,(anonymous_1)
FN:17,(anonymous_2)
FN:18,(anonymous_3)
FN:22,(anonymous_4)
FNF:5
FNH:5
FNDA:54,(anonymous_0)
FNDA:18,(anonymous_1)
FNDA:2,(anonymous_2)
FNDA:10,(anonymous_3)
FNDA:36,(anonymous_4)
DA:3,1
DA:4,54
DA:5,40
DA:8,14
DA:9,14
DA:10,14
DA:11,18
DA:14,14
DA:17,1
DA:18,2
DA:19,10
DA:20,10
DA:22,10
DA:23,36
DA:25,8
DA:27,10
DA:29,4
DA:31,6
DA:33,8
DA:38,0
DA:42,10
DA:45,2
LF:22
LH:21
BRDA:4,0,0,40
BRDA:4,0,1,14
BRDA:4,1,0,54
BRDA:4,1,1,14
BRDA:23,2,0,8
BRDA:23,2,1,10
BRDA:23,2,2,4
BRDA:23,2,3,6
BRDA:23,2,4,8
BRDA:23,2,5,0
BRF:10
BRH:9
end_of_record
