TN:
SF:src/index.js
FN:6,(anonymous_0)
FN:8,(anonymous_1)
FN:25,(anonymous_2)
FNF:3
FNH:3
FNDA:4,(anonymous_0)
FNDA:2,(anonymous_1)
FNDA:10,(anonymous_2)
DA:6,4
DA:8,1
DA:9,2
DA:10,2
DA:12,2
DA:13,2
DA:15,2
DA:16,2
DA:18,2
DA:19,2
DA:21,2
DA:22,2
DA:23,2
DA:25,2
DA:26,10
DA:27,4
DA:29,6
DA:30,2
DA:32,4
DA:33,2
DA:38,2
DA:41,2
LF:22
LH:22
BRDA:26,0,0,4
BRDA:26,0,1,6
BRDA:26,1,0,10
BRDA:26,1,1,8
BRDA:29,2,0,2
BRDA:29,2,1,4
BRDA:29,3,0,6
BRDA:29,3,1,2
BRDA:32,4,0,2
BRDA:32,4,1,2
BRF:10
BRH:10
end_of_record
TN:
SF:src/parsers.js
FN:3,(anonymous_0)
FNF:1
FNH:1
FNDA:4,(anonymous_0)
DA:3,1
DA:4,4
DA:5,2
DA:7,2
DA:8,2
DA:11,0
LF:6
LH:5
BRDA:4,0,0,2
BRDA:4,0,1,2
BRDA:7,1,0,2
BRDA:7,1,1,0
BRDA:7,2,0,2
BRDA:7,2,1,1
BRF:6
BRH:5
end_of_record
